<?xml version="1.0" encoding="UTF-8"?>
<testng-results ignored="0" total="1" passed="1" failed="0" skipped="0">
  <reporter-output>
  </reporter-output>
  <suite started-at="2024-01-04T15:28:05 IST" name="Suite" finished-at="2024-01-04T15:29:17 IST" duration-ms="71296">
    <groups>
    </groups>
    <test started-at="2024-01-04T15:28:05 IST" name="Test" finished-at="2024-01-04T15:29:17 IST" duration-ms="71296">
      <class name="com.project.tests.Testcase4">
        <test-method signature="roundway()[pri:0, instance:com.project.tests.Testcase4@31190526]" started-at="2024-01-04T15:28:05 IST" name="roundway" finished-at="2024-01-04T15:29:17 IST" duration-ms="71208" status="PASS">
          <reporter-output>
          </reporter-output>
        </test-method> <!-- roundway -->
      </class> <!-- com.project.tests.Testcase4 -->
      <class name="com.project.utils.BBreports">
        <test-method is-config="true" signature="startReport()[pri:0, instance:com.project.utils.BBreports@5b12b668]" started-at="2024-01-04T15:28:05 IST" name="startReport" finished-at="2024-01-04T15:28:05 IST" duration-ms="707" status="PASS">
          <reporter-output>
          </reporter-output>
        </test-method> <!-- startReport -->
        <test-method is-config="true" signature="endReport()[pri:0, instance:com.project.utils.BBreports@5b12b668]" started-at="2024-01-04T15:29:17 IST" name="endReport" finished-at="2024-01-04T15:29:20 IST" duration-ms="3190" status="PASS">
          <reporter-output>
          </reporter-output>
        </test-method> <!-- endReport -->
      </class> <!-- com.project.utils.BBreports -->
    </test> <!-- Test -->
  </suite> <!-- Suite -->
</testng-results>
