<?xml version="1.0" encoding="UTF-8"?>
<testng-results ignored="0" total="1" passed="1" failed="0" skipped="0">
  <reporter-output>
  </reporter-output>
  <suite started-at="2024-01-04T13:02:48 IST" name="Suite" finished-at="2024-01-04T13:03:40 IST" duration-ms="52677">
    <groups>
    </groups>
    <test started-at="2024-01-04T13:02:48 IST" name="Test" finished-at="2024-01-04T13:03:40 IST" duration-ms="52677">
      <class name="com.project.tests.Testcase4">
        <test-method signature="roundway()[pri:0, instance:com.project.tests.Testcase4@31190526]" started-at="2024-01-04T13:02:48 IST" name="roundway" finished-at="2024-01-04T13:03:40 IST" duration-ms="52603" status="PASS">
          <reporter-output>
          </reporter-output>
        </test-method> <!-- roundway -->
      </class> <!-- com.project.tests.Testcase4 -->
      <class name="com.project.utils.BBreports">
        <test-method is-config="true" signature="startReport()[pri:0, instance:com.project.utils.BBreports@5b12b668]" started-at="2024-01-04T13:02:47 IST" name="startReport" finished-at="2024-01-04T13:02:48 IST" duration-ms="439" status="PASS">
          <reporter-output>
          </reporter-output>
        </test-method> <!-- startReport -->
        <test-method is-config="true" signature="endReport()[pri:0, instance:com.project.utils.BBreports@5b12b668]" started-at="2024-01-04T13:03:41 IST" name="endReport" finished-at="2024-01-04T13:03:41 IST" duration-ms="642" status="PASS">
          <reporter-output>
          </reporter-output>
        </test-method> <!-- endReport -->
      </class> <!-- com.project.utils.BBreports -->
    </test> <!-- Test -->
  </suite> <!-- Suite -->
</testng-results>
